c:\users\user\source\repos\ftgfw\x64\release\ftgfw.pdb
c:\users\user\source\repos\ftgfw\ftgfw\x64\release\stb_image.obj
c:\users\user\source\repos\ftgfw\ftgfw\x64\release\systemmanager.obj
c:\users\user\source\repos\ftgfw\ftgfw\x64\release\system.obj
c:\users\user\source\repos\ftgfw\ftgfw\x64\release\scenemanager.obj
c:\users\user\source\repos\ftgfw\ftgfw\x64\release\scene.obj
c:\users\user\source\repos\ftgfw\ftgfw\x64\release\rendersystem.obj
c:\users\user\source\repos\ftgfw\ftgfw\x64\release\kinematicsystem.obj
c:\users\user\source\repos\ftgfw\ftgfw\x64\release\texture.obj
c:\users\user\source\repos\ftgfw\ftgfw\x64\release\model_c.obj
c:\users\user\source\repos\ftgfw\ftgfw\x64\release\collisionsystem.obj
c:\users\user\source\repos\ftgfw\ftgfw\x64\release\ftgfwprogram.obj
c:\users\user\source\repos\ftgfw\ftgfw\x64\release\controllersystem.obj
c:\users\user\source\repos\ftgfw\ftgfw\x64\release\camerasystem.obj
c:\users\user\source\repos\ftgfw\ftgfw\x64\release\entitymanager.obj
c:\users\user\source\repos\ftgfw\ftgfw\x64\release\glad.obj
c:\users\user\source\repos\ftgfw\x64\release\ftgfw.lib
c:\users\user\source\repos\ftgfw\ftgfw\x64\release\ftgfw.tlog\cl.command.1.tlog
c:\users\user\source\repos\ftgfw\ftgfw\x64\release\ftgfw.tlog\cl.items.tlog
c:\users\user\source\repos\ftgfw\ftgfw\x64\release\ftgfw.tlog\cl.read.1.tlog
c:\users\user\source\repos\ftgfw\ftgfw\x64\release\ftgfw.tlog\cl.write.1.tlog
c:\users\user\source\repos\ftgfw\ftgfw\x64\release\ftgfw.tlog\lib-link.read.1.tlog
c:\users\user\source\repos\ftgfw\ftgfw\x64\release\ftgfw.tlog\lib-link.write.1.tlog
c:\users\user\source\repos\ftgfw\ftgfw\x64\release\ftgfw.tlog\lib.command.1.tlog
