c:\users\user\source\repos\ftgfw\x64\debug\ftgfw.pdb
c:\users\user\source\repos\ftgfw\x64\debug\ftgfw.idb
c:\users\user\source\repos\ftgfw\ftgfw\x64\debug\stb_image.obj
c:\users\user\source\repos\ftgfw\ftgfw\x64\debug\systemmanager.obj
c:\users\user\source\repos\ftgfw\ftgfw\x64\debug\system.obj
c:\users\user\source\repos\ftgfw\ftgfw\x64\debug\kinematicsystem.obj
c:\users\user\source\repos\ftgfw\ftgfw\x64\debug\scenemanager.obj
c:\users\user\source\repos\ftgfw\ftgfw\x64\debug\scene.obj
c:\users\user\source\repos\ftgfw\ftgfw\x64\debug\rendersystem.obj
c:\users\user\source\repos\ftgfw\ftgfw\x64\debug\texture.obj
c:\users\user\source\repos\ftgfw\ftgfw\x64\debug\model.obj
c:\users\user\source\repos\ftgfw\ftgfw\x64\debug\collisionsystem.obj
c:\users\user\source\repos\ftgfw\ftgfw\x64\debug\ftgfwprogram.obj
c:\users\user\source\repos\ftgfw\ftgfw\x64\debug\controllersystem.obj
c:\users\user\source\repos\ftgfw\ftgfw\x64\debug\camerasystem.obj
c:\users\user\source\repos\ftgfw\ftgfw\x64\debug\entitymanager.obj
c:\users\user\source\repos\ftgfw\ftgfw\x64\debug\glad.obj
c:\users\user\source\repos\ftgfw\x64\debug\ftgfw.lib
c:\users\user\source\repos\ftgfw\ftgfw\x64\debug\ftgfw.tlog\cl.command.1.tlog
c:\users\user\source\repos\ftgfw\ftgfw\x64\debug\ftgfw.tlog\cl.items.tlog
c:\users\user\source\repos\ftgfw\ftgfw\x64\debug\ftgfw.tlog\cl.read.1.tlog
c:\users\user\source\repos\ftgfw\ftgfw\x64\debug\ftgfw.tlog\cl.write.1.tlog
c:\users\user\source\repos\ftgfw\ftgfw\x64\debug\ftgfw.tlog\lib-link.read.1.tlog
c:\users\user\source\repos\ftgfw\ftgfw\x64\debug\ftgfw.tlog\lib-link.write.1.tlog
c:\users\user\source\repos\ftgfw\ftgfw\x64\debug\ftgfw.tlog\lib.command.1.tlog
